build/app/intermediates/manifest_merge_blame_file/debug/manifest-merger-blame-debug-report.txt
1<?xml version="1.0" encoding="utf-8"?>
2<manifest xmlns:android="http://schemas.android.com/apk/res/android"
3    package="com.example.latin_food_app"
4    android:versionCode="1"
5    android:versionName="1.0.0" >
6
7    <uses-sdk
8        android:minSdkVersion="24"
9        android:targetSdkVersion="28" />
10    <!--
11         The INTERNET permission is required for development. Specifically,
12         the Flutter tool needs it to communicate with the running application
13         to allow setting breakpoints, to provide hot reload, etc.
14    -->
15    <uses-permission android:name="android.permission.INTERNET" />
15-->src/debug/AndroidManifest.xml:7:5-66
15-->src/debug/AndroidManifest.xml:7:22-64
16    <uses-permission android:name="android.permission.ACCESS_NETWORK_STATE" />
16-->[com.google.firebase:firebase-auth:21.2.0] AndroidManifest.xml:26:5-79
16-->[com.google.firebase:firebase-auth:21.2.0] AndroidManifest.xml:26:22-76
17
18    <permission
18-->[androidx.core:core:1.9.0] AndroidManifest.xml:22:5-24:47
19        android:name="com.example.latin_food_app.DYNAMIC_RECEIVER_NOT_EXPORTED_PERMISSION"
19-->[androidx.core:core:1.9.0] AndroidManifest.xml:23:9-81
20        android:protectionLevel="signature" />
20-->[androidx.core:core:1.9.0] AndroidManifest.xml:24:9-44
21
22    <uses-permission android:name="com.example.latin_food_app.DYNAMIC_RECEIVER_NOT_EXPORTED_PERMISSION" />
22-->[androidx.core:core:1.9.0] AndroidManifest.xml:26:5-97
22-->[androidx.core:core:1.9.0] AndroidManifest.xml:26:22-94
23    <uses-permission android:name="android.permission.CAMERA" /> <!-- Don't require camera, as this requires a rear camera. This allows it to work on the Nexus 7 -->
23-->[com.journeyapps:zxing-android-embedded:4.3.0] AndroidManifest.xml:22:5-65
23-->[com.journeyapps:zxing-android-embedded:4.3.0] AndroidManifest.xml:22:22-62
24    <uses-feature
24-->[com.journeyapps:zxing-android-embedded:4.3.0] AndroidManifest.xml:25:5-27:36
25        android:name="android.hardware.camera"
25-->[com.journeyapps:zxing-android-embedded:4.3.0] AndroidManifest.xml:26:9-47
26        android:required="false" />
26-->[com.journeyapps:zxing-android-embedded:4.3.0] AndroidManifest.xml:27:9-33
27    <uses-feature
27-->[com.journeyapps:zxing-android-embedded:4.3.0] AndroidManifest.xml:28:5-30:36
28        android:name="android.hardware.camera.front"
28-->[com.journeyapps:zxing-android-embedded:4.3.0] AndroidManifest.xml:29:9-53
29        android:required="false" /> <!-- TODO replace above two with next line after Android 4.2 -->
29-->[com.journeyapps:zxing-android-embedded:4.3.0] AndroidManifest.xml:30:9-33
30    <!-- <uses-feature android:name="android.hardware.camera.any"/> -->
31    <uses-feature
31-->[com.journeyapps:zxing-android-embedded:4.3.0] AndroidManifest.xml:33:5-35:36
32        android:name="android.hardware.camera.autofocus"
32-->[com.journeyapps:zxing-android-embedded:4.3.0] AndroidManifest.xml:34:9-57
33        android:required="false" />
33-->[com.journeyapps:zxing-android-embedded:4.3.0] AndroidManifest.xml:35:9-33
34    <uses-feature
34-->[com.journeyapps:zxing-android-embedded:4.3.0] AndroidManifest.xml:36:5-38:36
35        android:name="android.hardware.camera.flash"
35-->[com.journeyapps:zxing-android-embedded:4.3.0] AndroidManifest.xml:37:9-53
36        android:required="false" />
36-->[com.journeyapps:zxing-android-embedded:4.3.0] AndroidManifest.xml:38:9-33
37    <uses-feature
37-->[com.journeyapps:zxing-android-embedded:4.3.0] AndroidManifest.xml:39:5-41:36
38        android:name="android.hardware.screen.landscape"
38-->[com.journeyapps:zxing-android-embedded:4.3.0] AndroidManifest.xml:40:9-57
39        android:required="false" />
39-->[com.journeyapps:zxing-android-embedded:4.3.0] AndroidManifest.xml:41:9-33
40    <uses-feature
40-->[com.journeyapps:zxing-android-embedded:4.3.0] AndroidManifest.xml:42:5-44:36
41        android:name="android.hardware.wifi"
41-->[com.journeyapps:zxing-android-embedded:4.3.0] AndroidManifest.xml:43:9-45
42        android:required="false" />
42-->[com.journeyapps:zxing-android-embedded:4.3.0] AndroidManifest.xml:44:9-33
43
44    <application
45        android:name="android.app.Application"
46        android:appComponentFactory="androidx.core.app.CoreComponentFactory"
46-->[androidx.core:core:1.9.0] AndroidManifest.xml:28:18-86
47        android:debuggable="true"
48        android:extractNativeLibs="false"
49        android:icon="@mipmap/launcher_icon"
50        android:label="Login App" >
51        <activity
52            android:name="com.example.latin_food_app.MainActivity"
53            android:configChanges="orientation|keyboardHidden|keyboard|screenSize|smallestScreenSize|locale|layoutDirection|fontScale|screenLayout|density|uiMode"
54            android:exported="true"
55            android:hardwareAccelerated="true"
56            android:launchMode="singleTop"
57            android:theme="@style/LaunchTheme"
58            android:windowSoftInputMode="adjustResize" >
59
60            <!--
61                 Specifies an Android theme to apply to this Activity as soon as
62                 the Android process has started. This theme is visible to the user
63                 while the Flutter UI initializes. After that, this theme continues
64                 to determine the Window background behind the Flutter UI.
65            -->
66            <meta-data
67                android:name="io.flutter.embedding.android.NormalTheme"
68                android:resource="@style/NormalTheme" />
69
70            <intent-filter>
71                <action android:name="android.intent.action.MAIN" />
72
73                <category android:name="android.intent.category.LAUNCHER" />
74            </intent-filter>
75        </activity>
76        <!--
77             Don't delete the meta-data below.
78             This is used by the Flutter tool to generate GeneratedPluginRegistrant.java
79        -->
80        <meta-data
81            android:name="flutterEmbedding"
82            android:value="2" />
83
84        <service
84-->[:firebase_auth] AndroidManifest.xml:10:9-14:19
85            android:name="com.google.firebase.components.ComponentDiscoveryService"
85-->[:firebase_auth] AndroidManifest.xml:10:18-89
86            android:directBootAware="true"
86-->[com.google.firebase:firebase-common:20.3.2] AndroidManifest.xml:34:13-43
87            android:exported="false" >
87-->[com.google.firebase:firebase-auth:21.2.0] AndroidManifest.xml:68:13-37
88            <meta-data
88-->[:firebase_auth] AndroidManifest.xml:11:13-13:85
89                android:name="com.google.firebase.components:io.flutter.plugins.firebase.auth.FlutterFirebaseAuthRegistrar"
89-->[:firebase_auth] AndroidManifest.xml:12:17-124
90                android:value="com.google.firebase.components.ComponentRegistrar" />
90-->[:firebase_auth] AndroidManifest.xml:13:17-82
91            <meta-data
91-->[:cloud_firestore] AndroidManifest.xml:11:13-13:85
92                android:name="com.google.firebase.components:io.flutter.plugins.firebase.firestore.FlutterFirebaseFirestoreRegistrar"
92-->[:cloud_firestore] AndroidManifest.xml:12:17-134
93                android:value="com.google.firebase.components.ComponentRegistrar" />
93-->[:cloud_firestore] AndroidManifest.xml:13:17-82
94            <meta-data
94-->[:firebase_core] AndroidManifest.xml:11:13-13:85
95                android:name="com.google.firebase.components:io.flutter.plugins.firebase.core.FlutterFirebaseCoreRegistrar"
95-->[:firebase_core] AndroidManifest.xml:12:17-124
96                android:value="com.google.firebase.components.ComponentRegistrar" />
96-->[:firebase_core] AndroidManifest.xml:13:17-82
97            <meta-data
97-->[com.google.firebase:firebase-auth:21.2.0] AndroidManifest.xml:69:13-71:85
98                android:name="com.google.firebase.components:com.google.firebase.auth.FirebaseAuthRegistrar"
98-->[com.google.firebase:firebase-auth:21.2.0] AndroidManifest.xml:70:17-109
99                android:value="com.google.firebase.components.ComponentRegistrar" />
99-->[com.google.firebase:firebase-auth:21.2.0] AndroidManifest.xml:71:17-82
100            <meta-data
100-->[com.google.firebase:firebase-firestore:24.4.5] AndroidManifest.xml:19:13-21:85
101                android:name="com.google.firebase.components:com.google.firebase.firestore.FirestoreRegistrar"
101-->[com.google.firebase:firebase-firestore:24.4.5] AndroidManifest.xml:20:17-111
102                android:value="com.google.firebase.components.ComponentRegistrar" />
102-->[com.google.firebase:firebase-firestore:24.4.5] AndroidManifest.xml:21:17-82
103        </service>
104
105        <provider
105-->[:image_picker_android] AndroidManifest.xml:10:9-18:20
106            android:name="io.flutter.plugins.imagepicker.ImagePickerFileProvider"
106-->[:image_picker_android] AndroidManifest.xml:11:13-82
107            android:authorities="com.example.latin_food_app.flutter.image_provider"
107-->[:image_picker_android] AndroidManifest.xml:12:13-74
108            android:exported="false"
108-->[:image_picker_android] AndroidManifest.xml:13:13-37
109            android:grantUriPermissions="true" >
109-->[:image_picker_android] AndroidManifest.xml:14:13-47
110            <meta-data
110-->[:image_picker_android] AndroidManifest.xml:15:13-17:75
111                android:name="android.support.FILE_PROVIDER_PATHS"
111-->[:image_picker_android] AndroidManifest.xml:16:17-67
112                android:resource="@xml/flutter_image_picker_file_paths" />
112-->[:image_picker_android] AndroidManifest.xml:17:17-72
113        </provider>
114
115        <activity
115-->[com.google.firebase:firebase-auth:21.2.0] AndroidManifest.xml:29:9-46:20
116            android:name="com.google.firebase.auth.internal.GenericIdpActivity"
116-->[com.google.firebase:firebase-auth:21.2.0] AndroidManifest.xml:30:13-80
117            android:excludeFromRecents="true"
117-->[com.google.firebase:firebase-auth:21.2.0] AndroidManifest.xml:31:13-46
118            android:exported="true"
118-->[com.google.firebase:firebase-auth:21.2.0] AndroidManifest.xml:32:13-36
119            android:launchMode="singleTask"
119-->[com.google.firebase:firebase-auth:21.2.0] AndroidManifest.xml:33:13-44
120            android:theme="@android:style/Theme.Translucent.NoTitleBar" >
120-->[com.google.firebase:firebase-auth:21.2.0] AndroidManifest.xml:34:13-72
121            <intent-filter>
121-->[com.google.firebase:firebase-auth:21.2.0] AndroidManifest.xml:35:13-45:29
122                <action android:name="android.intent.action.VIEW" />
122-->[com.google.firebase:firebase-auth:21.2.0] AndroidManifest.xml:36:17-69
122-->[com.google.firebase:firebase-auth:21.2.0] AndroidManifest.xml:36:25-66
123
124                <category android:name="android.intent.category.DEFAULT" />
124-->[com.google.firebase:firebase-auth:21.2.0] AndroidManifest.xml:38:17-76
124-->[com.google.firebase:firebase-auth:21.2.0] AndroidManifest.xml:38:27-73
125                <category android:name="android.intent.category.BROWSABLE" />
125-->[com.google.firebase:firebase-auth:21.2.0] AndroidManifest.xml:39:17-78
125-->[com.google.firebase:firebase-auth:21.2.0] AndroidManifest.xml:39:27-75
126
127                <data
127-->[com.google.firebase:firebase-auth:21.2.0] AndroidManifest.xml:41:17-44:51
128                    android:host="firebase.auth"
128-->[com.google.firebase:firebase-auth:21.2.0] AndroidManifest.xml:42:21-49
129                    android:path="/"
129-->[com.google.firebase:firebase-auth:21.2.0] AndroidManifest.xml:43:21-37
130                    android:scheme="genericidp" />
130-->[com.google.firebase:firebase-auth:21.2.0] AndroidManifest.xml:44:21-48
131            </intent-filter>
132        </activity>
133        <activity
133-->[com.google.firebase:firebase-auth:21.2.0] AndroidManifest.xml:47:9-64:20
134            android:name="com.google.firebase.auth.internal.RecaptchaActivity"
134-->[com.google.firebase:firebase-auth:21.2.0] AndroidManifest.xml:48:13-79
135            android:excludeFromRecents="true"
135-->[com.google.firebase:firebase-auth:21.2.0] AndroidManifest.xml:49:13-46
136            android:exported="true"
136-->[com.google.firebase:firebase-auth:21.2.0] AndroidManifest.xml:50:13-36
137            android:launchMode="singleTask"
137-->[com.google.firebase:firebase-auth:21.2.0] AndroidManifest.xml:51:13-44
138            android:theme="@android:style/Theme.Translucent.NoTitleBar" >
138-->[com.google.firebase:firebase-auth:21.2.0] AndroidManifest.xml:52:13-72
139            <intent-filter>
139-->[com.google.firebase:firebase-auth:21.2.0] AndroidManifest.xml:53:13-63:29
140                <action android:name="android.intent.action.VIEW" />
140-->[com.google.firebase:firebase-auth:21.2.0] AndroidManifest.xml:36:17-69
140-->[com.google.firebase:firebase-auth:21.2.0] AndroidManifest.xml:36:25-66
141
142                <category android:name="android.intent.category.DEFAULT" />
142-->[com.google.firebase:firebase-auth:21.2.0] AndroidManifest.xml:38:17-76
142-->[com.google.firebase:firebase-auth:21.2.0] AndroidManifest.xml:38:27-73
143                <category android:name="android.intent.category.BROWSABLE" />
143-->[com.google.firebase:firebase-auth:21.2.0] AndroidManifest.xml:39:17-78
143-->[com.google.firebase:firebase-auth:21.2.0] AndroidManifest.xml:39:27-75
144
145                <data
145-->[com.google.firebase:firebase-auth:21.2.0] AndroidManifest.xml:41:17-44:51
146                    android:host="firebase.auth"
146-->[com.google.firebase:firebase-auth:21.2.0] AndroidManifest.xml:42:21-49
147                    android:path="/"
147-->[com.google.firebase:firebase-auth:21.2.0] AndroidManifest.xml:43:21-37
148                    android:scheme="recaptcha" />
148-->[com.google.firebase:firebase-auth:21.2.0] AndroidManifest.xml:44:21-48
149            </intent-filter>
150        </activity>
151
152        <provider
152-->[com.google.firebase:firebase-common:20.3.2] AndroidManifest.xml:25:9-30:39
153            android:name="com.google.firebase.provider.FirebaseInitProvider"
153-->[com.google.firebase:firebase-common:20.3.2] AndroidManifest.xml:26:13-77
154            android:authorities="com.example.latin_food_app.firebaseinitprovider"
154-->[com.google.firebase:firebase-common:20.3.2] AndroidManifest.xml:27:13-72
155            android:directBootAware="true"
155-->[com.google.firebase:firebase-common:20.3.2] AndroidManifest.xml:28:13-43
156            android:exported="false"
156-->[com.google.firebase:firebase-common:20.3.2] AndroidManifest.xml:29:13-37
157            android:initOrder="100" />
157-->[com.google.firebase:firebase-common:20.3.2] AndroidManifest.xml:30:13-36
158
159        <activity
159-->[com.google.android.gms:play-services-base:18.0.1] AndroidManifest.xml:20:9-22:45
160            android:name="com.google.android.gms.common.api.GoogleApiActivity"
160-->[com.google.android.gms:play-services-base:18.0.1] AndroidManifest.xml:20:19-85
161            android:exported="false"
161-->[com.google.android.gms:play-services-base:18.0.1] AndroidManifest.xml:22:19-43
162            android:theme="@android:style/Theme.Translucent.NoTitleBar" />
162-->[com.google.android.gms:play-services-base:18.0.1] AndroidManifest.xml:21:19-78
163
164        <meta-data
164-->[com.google.android.gms:play-services-basement:18.1.0] AndroidManifest.xml:21:9-23:69
165            android:name="com.google.android.gms.version"
165-->[com.google.android.gms:play-services-basement:18.1.0] AndroidManifest.xml:22:13-58
166            android:value="@integer/google_play_services_version" />
166-->[com.google.android.gms:play-services-basement:18.1.0] AndroidManifest.xml:23:13-66
167
168        <uses-library
168-->[androidx.window:window:1.0.0-beta04] AndroidManifest.xml:25:9-27:40
169            android:name="androidx.window.extensions"
169-->[androidx.window:window:1.0.0-beta04] AndroidManifest.xml:26:13-54
170            android:required="false" />
170-->[androidx.window:window:1.0.0-beta04] AndroidManifest.xml:27:13-37
171        <uses-library
171-->[androidx.window:window:1.0.0-beta04] AndroidManifest.xml:28:9-30:40
172            android:name="androidx.window.sidecar"
172-->[androidx.window:window:1.0.0-beta04] AndroidManifest.xml:29:13-51
173            android:required="false" />
173-->[androidx.window:window:1.0.0-beta04] AndroidManifest.xml:30:13-37
174
175        <provider
175-->[androidx.emoji2:emoji2:1.0.0] AndroidManifest.xml:26:9-34:20
176            android:name="androidx.startup.InitializationProvider"
176-->[androidx.emoji2:emoji2:1.0.0] AndroidManifest.xml:27:13-67
177            android:authorities="com.example.latin_food_app.androidx-startup"
177-->[androidx.emoji2:emoji2:1.0.0] AndroidManifest.xml:28:13-68
178            android:exported="false" >
178-->[androidx.emoji2:emoji2:1.0.0] AndroidManifest.xml:29:13-37
179            <meta-data
179-->[androidx.emoji2:emoji2:1.0.0] AndroidManifest.xml:31:13-33:52
180                android:name="androidx.emoji2.text.EmojiCompatInitializer"
180-->[androidx.emoji2:emoji2:1.0.0] AndroidManifest.xml:32:17-75
181                android:value="androidx.startup" />
181-->[androidx.emoji2:emoji2:1.0.0] AndroidManifest.xml:33:17-49
182            <meta-data
182-->[androidx.lifecycle:lifecycle-process:2.4.0] AndroidManifest.xml:31:13-33:52
183                android:name="androidx.lifecycle.ProcessLifecycleInitializer"
183-->[androidx.lifecycle:lifecycle-process:2.4.0] AndroidManifest.xml:32:17-78
184                android:value="androidx.startup" />
184-->[androidx.lifecycle:lifecycle-process:2.4.0] AndroidManifest.xml:33:17-49
185        </provider>
186
187        <activity
187-->[com.journeyapps:zxing-android-embedded:4.3.0] AndroidManifest.xml:47:9-53:63
188            android:name="com.journeyapps.barcodescanner.CaptureActivity"
188-->[com.journeyapps:zxing-android-embedded:4.3.0] AndroidManifest.xml:48:13-74
189            android:clearTaskOnLaunch="true"
189-->[com.journeyapps:zxing-android-embedded:4.3.0] AndroidManifest.xml:49:13-45
190            android:screenOrientation="sensorLandscape"
190-->[com.journeyapps:zxing-android-embedded:4.3.0] AndroidManifest.xml:50:13-56
191            android:stateNotNeeded="true"
191-->[com.journeyapps:zxing-android-embedded:4.3.0] AndroidManifest.xml:51:13-42
192            android:theme="@style/zxing_CaptureTheme"
192-->[com.journeyapps:zxing-android-embedded:4.3.0] AndroidManifest.xml:52:13-54
193            android:windowSoftInputMode="stateAlwaysHidden" />
193-->[com.journeyapps:zxing-android-embedded:4.3.0] AndroidManifest.xml:53:13-60
194    </application>
195
196</manifest>